android/app/build/outputs/logs/manifest-merger-debug-report.txt
-- Merging decision tree log ---
manifest
ADDED from src/main/AndroidManifest.xml:1:1-102:12
INJECTED from src/main/AndroidManifest.xml:1:1-102:12
INJECTED from src/main/AndroidManifest.xml:1:1-102:12
INJECTED from src/main/AndroidManifest.xml:1:1-102:12
MERGED from [:react-native-firebase] AndroidManifest.xml:2:1-23:12
MERGED from [:react-native-push-notification] AndroidManifest.xml:2:1-11:12
MERGED from [:expo-permissions] AndroidManifest.xml:2:1-11:12
MERGED from [:lottie-react-native] AndroidManifest.xml:2:1-11:12
MERGED from [:react-native-screens] AndroidManifest.xml:2:1-11:12
MERGED from [:unimodules-react-native-adapter] AndroidManifest.xml:2:1-11:12
MERGED from [:react-native-community_masked-view] AndroidManifest.xml:2:1-9:12
MERGED from [:react-native-gesture-handler] AndroidManifest.xml:2:1-11:12
MERGED from [:react-native-reanimated] AndroidManifest.xml:2:1-11:12
MERGED from [:react-native-safe-area-context] AndroidManifest.xml:2:1-9:12
MERGED from [com.facebook.react:react-native:0.63.3] AndroidManifest.xml:2:1-13:12
MERGED from [com.airbnb.android:lottie:3.0.7] AndroidManifest.xml:2:1-11:12
MERGED from [com.google.android.material:material:1.0.0] AndroidManifest.xml:17:1-24:12
MERGED from [androidx.appcompat:appcompat:1.1.0] AndroidManifest.xml:17:1-24:12
MERGED from [com.google.android.gms:play-services-gcm:17.0.0] AndroidManifest.xml:17:1-28:12
MERGED from [:expo-location] AndroidManifest.xml:2:1-21:12
MERGED from [com.google.android.gms:play-services-location:16.0.0] AndroidManifest.xml:2:1-9:12
MERGED from [com.google.android.gms:play-services-iid:17.0.0] AndroidManifest.xml:17:1-28:12
MERGED from [com.google.firebase:firebase-messaging:20.3.0] AndroidManifest.xml:17:1-45:12
MERGED from [com.google.firebase:firebase-core:16.0.9] AndroidManifest.xml:2:1-9:12
MERGED from [com.google.firebase:firebase-analytics:16.5.0] AndroidManifest.xml:2:1-9:12
MERGED from [com.google.android.gms:play-services-measurement-api:16.5.0] AndroidManifest.xml:17:1-36:12
MERGED from [com.google.firebase:firebase-iid:20.3.0] AndroidManifest.xml:17:1-47:12
MERGED from [com.google.firebase:firebase-iid-interop:17.0.0] AndroidManifest.xml:2:1-10:12
MERGED from [com.google.android.gms:play-services-base:17.0.0] AndroidManifest.xml:17:1-29:12
MERGED from [:expo-app-loader-provider] AndroidManifest.xml:2:1-11:12
MERGED from [:expo-constants] AndroidManifest.xml:2:1-11:12
MERGED from [:expo-error-recovery] AndroidManifest.xml:2:1-11:12
MERGED from [:expo-file-system] AndroidManifest.xml:2:1-30:12
MERGED from [:expo-font] AndroidManifest.xml:2:1-11:12
MERGED from [:expo-keep-awake] AndroidManifest.xml:2:1-11:12
MERGED from [:expo-linear-gradient] AndroidManifest.xml:2:1-11:12
MERGED from [:expo-sqlite] AndroidManifest.xml:2:1-11:12
MERGED from [:expo-web-browser] AndroidManifest.xml:2:1-11:12
MERGED from [:unimodules-barcode-scanner-interface] AndroidManifest.xml:2:1-11:12
MERGED from [:unimodules-camera-interface] AndroidManifest.xml:2:1-11:12
MERGED from [:unimodules-constants-interface] AndroidManifest.xml:2:1-11:12
MERGED from [:unimodules-face-detector-interface] AndroidManifest.xml:2:1-11:12
MERGED from [:unimodules-file-system-interface] AndroidManifest.xml:2:1-11:12
MERGED from [:unimodules-font-interface] AndroidManifest.xml:2:1-11:12
MERGED from [:unimodules-permissions-interface] AndroidManifest.xml:2:1-11:12
MERGED from [:unimodules-task-manager-interface] AndroidManifest.xml:2:1-11:12
MERGED from [:unimodules-core] AndroidManifest.xml:2:1-11:12
MERGED from [:unimodules-image-loader-interface] AndroidManifest.xml:2:1-11:12
MERGED from [:unimodules-sensors-interface] AndroidManifest.xml:2:1-11:12
MERGED from [org.webkit:android-jsc:r245459] AndroidManifest.xml:2:1-11:12
MERGED from [:react-native-linear-gradient] AndroidManifest.xml:2:1-11:12
MERGED from [androidx.legacy:legacy-support-v4:1.0.0] AndroidManifest.xml:17:1-22:12
MERGED from [androidx.multidex:multidex:2.0.0] AndroidManifest.xml:17:1-22:12
MERGED from [me.leolin:ShortcutBadger:1.1.8] AndroidManifest.xml:2:1-41:12
MERGED from [androidx.browser:browser:1.0.0] AndroidManifest.xml:17:1-22:12
MERGED from [androidx.recyclerview:recyclerview:1.0.0] AndroidManifest.xml:17:1-22:12
MERGED from [androidx.legacy:legacy-support-core-ui:1.0.0] AndroidManifest.xml:17:1-22:12
MERGED from [com.google.android.gms:play-services-measurement:16.5.0] AndroidManifest.xml:17:1-55:12
MERGED from [com.google.android.gms:play-services-measurement-sdk:16.5.0] AndroidManifest.xml:17:1-25:12
MERGED from [com.google.android.gms:play-services-measurement-impl:16.5.0] AndroidManifest.xml:17:1-40:12
MERGED from [com.google.android.gms:play-services-stats:17.0.0] AndroidManifest.xml:2:1-9:12
MERGED from [androidx.legacy:legacy-support-core-utils:1.0.0] AndroidManifest.xml:17:1-22:12
MERGED from [androidx.swiperefreshlayout:swiperefreshlayout:1.0.0] AndroidManifest.xml:17:1-22:12
MERGED from [androidx.transition:transition:1.1.0] AndroidManifest.xml:17:1-22:12
MERGED from [androidx.coordinatorlayout:coordinatorlayout:1.0.0] AndroidManifest.xml:17:1-22:12
MERGED from [androidx.media:media:1.0.0] AndroidManifest.xml:17:1-22:12
MERGED from [com.google.firebase:firebase-datatransport:17.0.3] AndroidManifest.xml:15:1-34:12
MERGED from [com.google.android.datatransport:transport-backend-cct:2.2.0] AndroidManifest.xml:15:1-38:12
MERGED from [com.google.android.datatransport:transport-runtime:2.2.0] AndroidManifest.xml:15:1-41:12
MERGED from [com.google.firebase:firebase-installations:16.3.3] AndroidManifest.xml:2:1-23:12
MERGED from [com.google.firebase:firebase-common:19.3.0] AndroidManifest.xml:15:1-39:12
MERGED from [com.google.firebase:firebase-components:16.0.0] AndroidManifest.xml:15:1-23:12
MERGED from [com.google.firebase:firebase-encoders-json:16.0.0] AndroidManifest.xml:15:1-23:12
MERGED from [androidx.documentfile:documentfile:1.0.0] AndroidManifest.xml:17:1-22:12
MERGED from [com.google.android.gms:play-services-cloud-messaging:16.0.0] AndroidManifest.xml:2:1-13:12
MERGED from [com.google.firebase:firebase-installations-interop:16.0.0] AndroidManifest.xml:15:1-23:12
MERGED from [com.google.android.gms:play-services-tasks:17.0.0] AndroidManifest.xml:2:1-9:12
MERGED from [com.google.firebase:firebase-measurement-connector:18.0.0] AndroidManifest.xml:17:1-25:12
MERGED from [com.google.android.gms:play-services-places-placereport:16.0.0] AndroidManifest.xml:17:1-24:12
MERGED from [com.google.android.gms:play-services-measurement-sdk-api:16.5.0] AndroidManifest.xml:17:1-40:12
MERGED from [com.google.android.gms:play-services-measurement-base:16.5.0] AndroidManifest.xml:2:1-9:12
MERGED from [com.google.android.gms:play-services-ads-identifier:16.0.0] AndroidManifest.xml:17:1-24:12
MERGED from [com.google.android.gms:play-services-basement:17.0.0] AndroidManifest.xml:17:1-28:12
MERGED from [com.github.bumptech.glide:glide:4.9.0] AndroidManifest.xml:2:1-12:12
MERGED from [androidx.fragment:fragment:1.1.0] AndroidManifest.xml:17:1-24:12
MERGED from [androidx.loader:loader:1.0.0] AndroidManifest.xml:17:1-22:12
MERGED from [androidx.localbroadcastmanager:localbroadcastmanager:1.0.0] AndroidManifest.xml:17:1-22:12
MERGED from [androidx.print:print:1.0.0] AndroidManifest.xml:17:1-22:12
MERGED from [androidx.appcompat:appcompat-resources:1.1.0] AndroidManifest.xml:17:1-24:12
MERGED from [androidx.vectordrawable:vectordrawable-animated:1.1.0] AndroidManifest.xml:17:1-24:12
MERGED from [androidx.interpolator:interpolator:1.0.0] AndroidManifest.xml:17:1-22:12
MERGED from [androidx.drawerlayout:drawerlayout:1.0.0] AndroidManifest.xml:17:1-22:12
MERGED from [androidx.viewpager:viewpager:1.0.0] AndroidManifest.xml:17:1-22:12
MERGED from [androidx.slidingpanelayout:slidingpanelayout:1.0.0] AndroidManifest.xml:17:1-22:12
MERGED from [androidx.customview:customview:1.0.0] AndroidManifest.xml:17:1-22:12
MERGED from [androidx.asynclayoutinflater:asynclayoutinflater:1.0.0] AndroidManifest.xml:17:1-22:12
MERGED from [androidx.activity:activity:1.0.0] AndroidManifest.xml:17:1-24:12
MERGED from [androidx.vectordrawable:vectordrawable:1.1.0] AndroidManifest.xml:17:1-24:12
MERGED from [androidx.core:core:1.1.0] AndroidManifest.xml:17:1-26:12
MERGED from [androidx.cursoradapter:cursoradapter:1.0.0] AndroidManifest.xml:17:1-22:12
MERGED from [androidx.cardview:cardview:1.0.0] AndroidManifest.xml:17:1-22:12
MERGED from [androidx.versionedparcelable:versionedparcelable:1.1.0] AndroidManifest.xml:17:1-27:12
MERGED from [androidx.lifecycle:lifecycle-livedata:2.0.0] AndroidManifest.xml:17:1-22:12
MERGED from [androidx.lifecycle:lifecycle-livedata-core:2.0.0] AndroidManifest.xml:17:1-22:12
MERGED from [androidx.arch.core:core-runtime:2.0.0] AndroidManifest.xml:17:1-22:12
MERGED from [androidx.lifecycle:lifecycle-runtime:2.1.0] AndroidManifest.xml:17:1-22:12
MERGED from [androidx.lifecycle:lifecycle-viewmodel:2.1.0] AndroidManifest.xml:17:1-22:12
MERGED from [androidx.savedstate:savedstate:1.0.0] AndroidManifest.xml:17:1-24:12
MERGED from [com.github.bumptech.glide:gifdecoder:4.9.0] AndroidManifest.xml:2:1-11:12
MERGED from [com.facebook.fresco:fresco:2.0.0] AndroidManifest.xml:2:1-9:12
MERGED from [com.facebook.fresco:imagepipeline-okhttp3:2.0.0] AndroidManifest.xml:2:1-9:12
MERGED from [com.facebook.fresco:drawee:2.0.0] AndroidManifest.xml:2:1-9:12
MERGED from [com.facebook.fresco:nativeimagefilters:2.0.0] AndroidManifest.xml:2:1-9:12
MERGED from [com.facebook.fresco:imagepipeline:2.0.0] AndroidManifest.xml:2:1-9:12
MERGED from [com.facebook.fresco:nativeimagetranscoder:2.0.0] AndroidManifest.xml:2:1-9:12
MERGED from [com.facebook.fresco:imagepipeline-base:2.0.0] AndroidManifest.xml:2:1-9:12
MERGED from [com.facebook.soloader:soloader:0.8.2] AndroidManifest.xml:2:1-13:12
MERGED from [io.nlopez.smartlocation:library:3.2.11] AndroidManifest.xml:2:1-30:12
MERGED from [com.google.android.datatransport:transport-api:2.2.0] AndroidManifest.xml:15:1-22:12
MERGED from [com.facebook.fresco:fbcore:2.0.0] AndroidManifest.xml:2:1-9:12
MERGED from [com.facebook.soloader:annotation:0.8.2] AndroidManifest.xml:2:1-13:12
INJECTED from src/main/AndroidManifest.xml:1:1-102:12
INJECTED from src/main/AndroidManifest.xml:1:1-102:12
INJECTED from src/main/AndroidManifest.xml:1:1-102:12
	package
		ADDED from src/main/AndroidManifest.xml:2:5-26
		INJECTED from src/main/AndroidManifest.xml
		INJECTED from src/main/AndroidManifest.xml
	android:versionName
		INJECTED from src/main/AndroidManifest.xml
		ADDED from src/main/AndroidManifest.xml:1:1-102:12
		INJECTED from src/main/AndroidManifest.xml
	android:versionCode
		INJECTED from src/main/AndroidManifest.xml
		ADDED from src/main/AndroidManifest.xml:1:1-102:12
		INJECTED from src/main/AndroidManifest.xml
	xmlns:android
		ADDED from src/main/AndroidManifest.xml:1:11-69
uses-permission#android.permission.INTERNET
ADDED from src/main/AndroidManifest.xml:4:5-67
MERGED from [:react-native-firebase] AndroidManifest.xml:11:5-67
MERGED from [:react-native-firebase] AndroidManifest.xml:11:5-67
MERGED from [:lottie-react-native] AndroidManifest.xml:9:5-67
MERGED from [:lottie-react-native] AndroidManifest.xml:9:5-67
MERGED from [com.google.android.gms:play-services-gcm:17.0.0] AndroidManifest.xml:24:5-67
MERGED from [com.google.android.gms:play-services-gcm:17.0.0] AndroidManifest.xml:24:5-67
MERGED from [com.google.android.gms:play-services-iid:17.0.0] AndroidManifest.xml:24:5-67
MERGED from [com.google.android.gms:play-services-iid:17.0.0] AndroidManifest.xml:24:5-67
MERGED from [com.google.android.gms:play-services-measurement-api:16.5.0] AndroidManifest.xml:22:5-67
MERGED from [com.google.android.gms:play-services-measurement-api:16.5.0] AndroidManifest.xml:22:5-67
MERGED from [com.google.firebase:firebase-iid:20.3.0] AndroidManifest.xml:23:5-67
MERGED from [com.google.firebase:firebase-iid:20.3.0] AndroidManifest.xml:23:5-67
MERGED from [:expo-file-system] AndroidManifest.xml:12:5-67
MERGED from [:expo-file-system] AndroidManifest.xml:12:5-67
MERGED from [com.google.android.gms:play-services-measurement:16.5.0] AndroidManifest.xml:23:5-67
MERGED from [com.google.android.gms:play-services-measurement:16.5.0] AndroidManifest.xml:23:5-67
MERGED from [com.google.android.gms:play-services-measurement-impl:16.5.0] AndroidManifest.xml:23:5-67
MERGED from [com.google.android.gms:play-services-measurement-impl:16.5.0] AndroidManifest.xml:23:5-67
MERGED from [com.google.android.datatransport:transport-backend-cct:2.2.0] AndroidManifest.xml:26:5-67
MERGED from [com.google.android.datatransport:transport-backend-cct:2.2.0] AndroidManifest.xml:26:5-67
MERGED from [com.google.firebase:firebase-installations:16.3.3] AndroidManifest.xml:11:5-67
MERGED from [com.google.firebase:firebase-installations:16.3.3] AndroidManifest.xml:11:5-67
MERGED from [com.google.android.gms:play-services-cloud-messaging:16.0.0] AndroidManifest.xml:8:5-67
MERGED from [com.google.android.gms:play-services-cloud-messaging:16.0.0] AndroidManifest.xml:8:5-67
MERGED from [com.google.android.gms:play-services-measurement-sdk-api:16.5.0] AndroidManifest.xml:23:5-67
MERGED from [com.google.android.gms:play-services-measurement-sdk-api:16.5.0] AndroidManifest.xml:23:5-67
	android:name
		ADDED from src/main/AndroidManifest.xml:4:22-64
uses-permission#android.permission.SYSTEM_ALERT_WINDOW
ADDED from src/main/AndroidManifest.xml:5:5-77
	android:name
		ADDED from src/main/AndroidManifest.xml:5:22-75
uses-permission#android.permission.MANAGE_DOCUMENTS
ADDED from src/main/AndroidManifest.xml:8:5-75
	android:name
		ADDED from src/main/AndroidManifest.xml:8:22-72
uses-permission#android.permission.READ_INTERNAL_STORAGE
ADDED from src/main/AndroidManifest.xml:9:5-80
	android:name
		ADDED from src/main/AndroidManifest.xml:9:22-77
uses-permission#android.permission.READ_PHONE_STATE
ADDED from src/main/AndroidManifest.xml:10:5-75
	android:name
		ADDED from src/main/AndroidManifest.xml:10:22-72
uses-permission#android.permission.USE_FINGERPRINT
ADDED from src/main/AndroidManifest.xml:11:5-74
	android:name
		ADDED from src/main/AndroidManifest.xml:11:22-71
uses-permission#android.permission.VIBRATE
ADDED from src/main/AndroidManifest.xml:12:5-66
	android:name
		ADDED from src/main/AndroidManifest.xml:12:22-63
uses-permission#android.permission.MODIFY_AUDIO_SETTINGS
ADDED from src/main/AndroidManifest.xml:13:5-80
	android:name
		ADDED from src/main/AndroidManifest.xml:13:22-77
uses-permission#android.permission.ACCESS_COARSE_LOCATION
ADDED from src/main/AndroidManifest.xml:16:5-81
MERGED from [:expo-location] AndroidManifest.xml:11:5-81
MERGED from [:expo-location] AndroidManifest.xml:11:5-81
MERGED from [io.nlopez.smartlocation:library:3.2.11] AndroidManifest.xml:12:5-81
MERGED from [io.nlopez.smartlocation:library:3.2.11] AndroidManifest.xml:12:5-81
	android:name
		ADDED from src/main/AndroidManifest.xml:16:22-78
uses-permission#android.permission.ACCESS_FINE_LOCATION
ADDED from src/main/AndroidManifest.xml:17:5-79
MERGED from [:expo-location] AndroidManifest.xml:12:5-79
MERGED from [:expo-location] AndroidManifest.xml:12:5-79
MERGED from [io.nlopez.smartlocation:library:3.2.11] AndroidManifest.xml:14:5-79
MERGED from [io.nlopez.smartlocation:library:3.2.11] AndroidManifest.xml:14:5-79
	android:name
		ADDED from src/main/AndroidManifest.xml:17:22-76
uses-permission#android.permission.CAMERA
ADDED from src/main/AndroidManifest.xml:18:5-65
	android:name
		ADDED from src/main/AndroidManifest.xml:18:22-62
uses-permission#android.permission.READ_CONTACTS
ADDED from src/main/AndroidManifest.xml:19:5-72
	android:name
		ADDED from src/main/AndroidManifest.xml:19:22-69
uses-permission#android.permission.READ_CALENDAR
ADDED from src/main/AndroidManifest.xml:20:5-72
	android:name
		ADDED from src/main/AndroidManifest.xml:20:22-69
uses-permission#android.permission.WRITE_CALENDAR
ADDED from src/main/AndroidManifest.xml:21:5-73
	android:name
		ADDED from src/main/AndroidManifest.xml:21:22-70
uses-permission#android.permission.READ_EXTERNAL_STORAGE
ADDED from src/main/AndroidManifest.xml:22:5-80
MERGED from [:expo-file-system] AndroidManifest.xml:14:5-80
MERGED from [:expo-file-system] AndroidManifest.xml:14:5-80
	android:name
		ADDED from src/main/AndroidManifest.xml:22:22-77
uses-permission#android.permission.RECORD_AUDIO
ADDED from src/main/AndroidManifest.xml:23:5-71
	android:name
		ADDED from src/main/AndroidManifest.xml:23:22-68
uses-permission#android.permission.WRITE_EXTERNAL_STORAGE
ADDED from src/main/AndroidManifest.xml:24:5-81
MERGED from [:expo-file-system] AndroidManifest.xml:13:5-81
MERGED from [:expo-file-system] AndroidManifest.xml:13:5-81
	android:name
		ADDED from src/main/AndroidManifest.xml:24:22-78
uses-permission#android.permission.WRITE_SETTINGS
ADDED from src/main/AndroidManifest.xml:25:5-73
	android:name
		ADDED from src/main/AndroidManifest.xml:25:22-70
uses-permission#android.permission.WAKE_LOCK
ADDED from src/main/AndroidManifest.xml:27:5-68
MERGED from [:react-native-firebase] AndroidManifest.xml:12:5-68
MERGED from [:react-native-firebase] AndroidManifest.xml:12:5-68
MERGED from [com.google.android.gms:play-services-measurement-api:16.5.0] AndroidManifest.xml:24:5-68
MERGED from [com.google.android.gms:play-services-measurement-api:16.5.0] AndroidManifest.xml:24:5-68
MERGED from [com.google.firebase:firebase-iid:20.3.0] AndroidManifest.xml:24:5-68
MERGED from [com.google.firebase:firebase-iid:20.3.0] AndroidManifest.xml:24:5-68
MERGED from [com.google.android.gms:play-services-measurement:16.5.0] AndroidManifest.xml:25:5-68
MERGED from [com.google.android.gms:play-services-measurement:16.5.0] AndroidManifest.xml:25:5-68
MERGED from [com.google.android.gms:play-services-measurement-impl:16.5.0] AndroidManifest.xml:25:5-68
MERGED from [com.google.android.gms:play-services-measurement-impl:16.5.0] AndroidManifest.xml:25:5-68
MERGED from [com.google.android.gms:play-services-cloud-messaging:16.0.0] AndroidManifest.xml:9:5-68
MERGED from [com.google.android.gms:play-services-cloud-messaging:16.0.0] AndroidManifest.xml:9:5-68
MERGED from [com.google.android.gms:play-services-measurement-sdk-api:16.5.0] AndroidManifest.xml:25:5-68
MERGED from [com.google.android.gms:play-services-measurement-sdk-api:16.5.0] AndroidManifest.xml:25:5-68
	android:name
		ADDED from src/main/AndroidManifest.xml:27:22-65
permission#com.amzrevs.permission.C2D_MESSAGE
ADDED from src/main/AndroidManifest.xml:28:1-30:43
	android:protectionLevel
		ADDED from src/main/AndroidManifest.xml:30:5-40
	android:name
		ADDED from src/main/AndroidManifest.xml:29:5-54
uses-permission#$com.amzrevs.permission.C2D_MESSAGE
ADDED from src/main/AndroidManifest.xml:31:1-71
	android:name
		ADDED from src/main/AndroidManifest.xml:31:18-68
uses-permission#android.permission.RECEIVE_BOOT_COMPLETED
ADDED from src/main/AndroidManifest.xml:33:1-76
	android:name
		ADDED from src/main/AndroidManifest.xml:33:18-74
application
ADDED from src/main/AndroidManifest.xml:35:5-100:19
MERGED from [:react-native-firebase] AndroidManifest.xml:15:5-21:19
MERGED from [:react-native-firebase] AndroidManifest.xml:15:5-21:19
MERGED from [com.facebook.react:react-native:0.63.3] AndroidManifest.xml:11:5-20
MERGED from [com.facebook.react:react-native:0.63.3] AndroidManifest.xml:11:5-20
MERGED from [com.airbnb.android:lottie:3.0.7] AndroidManifest.xml:9:5-20
MERGED from [com.airbnb.android:lottie:3.0.7] AndroidManifest.xml:9:5-20
MERGED from [com.google.android.material:material:1.0.0] AndroidManifest.xml:22:5-20
MERGED from [com.google.android.material:material:1.0.0] AndroidManifest.xml:22:5-20
MERGED from [com.google.android.gms:play-services-gcm:17.0.0] AndroidManifest.xml:26:5-20
MERGED from [com.google.android.gms:play-services-gcm:17.0.0] AndroidManifest.xml:26:5-20
MERGED from [:expo-location] AndroidManifest.xml:15:5-19:19
MERGED from [:expo-location] AndroidManifest.xml:15:5-19:19
MERGED from [com.google.android.gms:play-services-location:16.0.0] AndroidManifest.xml:7:5-20
MERGED from [com.google.android.gms:play-services-location:16.0.0] AndroidManifest.xml:7:5-20
MERGED from [com.google.android.gms:play-services-iid:17.0.0] AndroidManifest.xml:26:5-20
MERGED from [com.google.android.gms:play-services-iid:17.0.0] AndroidManifest.xml:26:5-20
MERGED from [com.google.firebase:firebase-messaging:20.3.0] AndroidManifest.xml:22:5-43:19
MERGED from [com.google.firebase:firebase-messaging:20.3.0] AndroidManifest.xml:22:5-43:19
MERGED from [com.google.firebase:firebase-core:16.0.9] AndroidManifest.xml:7:5-20
MERGED from [com.google.firebase:firebase-core:16.0.9] AndroidManifest.xml:7:5-20
MERGED from [com.google.firebase:firebase-analytics:16.5.0] AndroidManifest.xml:7:5-20
MERGED from [com.google.firebase:firebase-analytics:16.5.0] AndroidManifest.xml:7:5-20
MERGED from [com.google.android.gms:play-services-measurement-api:16.5.0] AndroidManifest.xml:26:5-34:19
MERGED from [com.google.android.gms:play-services-measurement-api:16.5.0] AndroidManifest.xml:26:5-34:19
MERGED from [com.google.firebase:firebase-iid:20.3.0] AndroidManifest.xml:28:5-45:19
MERGED from [com.google.firebase:firebase-iid:20.3.0] AndroidManifest.xml:28:5-45:19
MERGED from [com.google.firebase:firebase-iid-interop:17.0.0] AndroidManifest.xml:7:5-8:19
MERGED from [com.google.firebase:firebase-iid-interop:17.0.0] AndroidManifest.xml:7:5-8:19
MERGED from [com.google.android.gms:play-services-base:17.0.0] AndroidManifest.xml:22:5-27:19
MERGED from [com.google.android.gms:play-services-base:17.0.0] AndroidManifest.xml:22:5-27:19
MERGED from [:expo-file-system] AndroidManifest.xml:17:5-28:19
MERGED from [:expo-file-system] AndroidManifest.xml:17:5-28:19
MERGED from [com.google.android.gms:play-services-measurement:16.5.0] AndroidManifest.xml:28:5-53:19
MERGED from [com.google.android.gms:play-services-measurement:16.5.0] AndroidManifest.xml:28:5-53:19
MERGED from [com.google.android.gms:play-services-measurement-sdk:16.5.0] AndroidManifest.xml:22:5-23:19
MERGED from [com.google.android.gms:play-services-measurement-sdk:16.5.0] AndroidManifest.xml:22:5-23:19
MERGED from [com.google.android.gms:play-services-measurement-impl:16.5.0] AndroidManifest.xml:28:5-38:19
MERGED from [com.google.android.gms:play-services-measurement-impl:16.5.0] AndroidManifest.xml:28:5-38:19
MERGED from [com.google.android.gms:play-services-stats:17.0.0] AndroidManifest.xml:7:5-20
MERGED from [com.google.android.gms:play-services-stats:17.0.0] AndroidManifest.xml:7:5-20
MERGED from [com.google.firebase:firebase-datatransport:17.0.3] AndroidManifest.xml:24:5-32:19
MERGED from [com.google.firebase:firebase-datatransport:17.0.3] AndroidManifest.xml:24:5-32:19
MERGED from [com.google.android.datatransport:transport-backend-cct:2.2.0] AndroidManifest.xml:28:5-36:19
MERGED from [com.google.android.datatransport:transport-backend-cct:2.2.0] AndroidManifest.xml:28:5-36:19
MERGED from [com.google.android.datatransport:transport-runtime:2.2.0] AndroidManifest.xml:25:5-39:19
MERGED from [com.google.android.datatransport:transport-runtime:2.2.0] AndroidManifest.xml:25:5-39:19
MERGED from [com.google.firebase:firebase-installations:16.3.3] AndroidManifest.xml:13:5-21:19
MERGED from [com.google.firebase:firebase-installations:16.3.3] AndroidManifest.xml:13:5-21:19
MERGED from [com.google.firebase:firebase-common:19.3.0] AndroidManifest.xml:25:5-37:19
MERGED from [com.google.firebase:firebase-common:19.3.0] AndroidManifest.xml:25:5-37:19
MERGED from [com.google.android.gms:play-services-tasks:17.0.0] AndroidManifest.xml:7:5-20
MERGED from [com.google.android.gms:play-services-tasks:17.0.0] AndroidManifest.xml:7:5-20
MERGED from [com.google.firebase:firebase-measurement-connector:18.0.0] AndroidManifest.xml:22:5-23:19
MERGED from [com.google.firebase:firebase-measurement-connector:18.0.0] AndroidManifest.xml:22:5-23:19
MERGED from [com.google.android.gms:play-services-places-placereport:16.0.0] AndroidManifest.xml:22:5-20
MERGED from [com.google.android.gms:play-services-places-placereport:16.0.0] AndroidManifest.xml:22:5-20
MERGED from [com.google.android.gms:play-services-measurement-sdk-api:16.5.0] AndroidManifest.xml:28:5-38:19
MERGED from [com.google.android.gms:play-services-measurement-sdk-api:16.5.0] AndroidManifest.xml:28:5-38:19
MERGED from [com.google.android.gms:play-services-measurement-base:16.5.0] AndroidManifest.xml:7:5-20
MERGED from [com.google.android.gms:play-services-measurement-base:16.5.0] AndroidManifest.xml:7:5-20
MERGED from [com.google.android.gms:play-services-ads-identifier:16.0.0] AndroidManifest.xml:22:5-20
MERGED from [com.google.android.gms:play-services-ads-identifier:16.0.0] AndroidManifest.xml:22:5-20
MERGED from [com.google.android.gms:play-services-basement:17.0.0] AndroidManifest.xml:22:5-26:19
MERGED from [com.google.android.gms:play-services-basement:17.0.0] AndroidManifest.xml:22:5-26:19
MERGED from [com.github.bumptech.glide:glide:4.9.0] AndroidManifest.xml:10:5-20
MERGED from [com.github.bumptech.glide:glide:4.9.0] AndroidManifest.xml:10:5-20
MERGED from [androidx.core:core:1.1.0] AndroidManifest.xml:24:5-89
MERGED from [androidx.core:core:1.1.0] AndroidManifest.xml:24:5-89
MERGED from [androidx.versionedparcelable:versionedparcelable:1.1.0] AndroidManifest.xml:24:5-25:19
MERGED from [androidx.versionedparcelable:versionedparcelable:1.1.0] AndroidManifest.xml:24:5-25:19
MERGED from [com.github.bumptech.glide:gifdecoder:4.9.0] AndroidManifest.xml:9:5-20
MERGED from [com.github.bumptech.glide:gifdecoder:4.9.0] AndroidManifest.xml:9:5-20
MERGED from [com.facebook.soloader:soloader:0.8.2] AndroidManifest.xml:11:5-20
MERGED from [com.facebook.soloader:soloader:0.8.2] AndroidManifest.xml:11:5-20
MERGED from [io.nlopez.smartlocation:library:3.2.11] AndroidManifest.xml:18:5-28:19
MERGED from [io.nlopez.smartlocation:library:3.2.11] AndroidManifest.xml:18:5-28:19
MERGED from [com.facebook.soloader:annotation:0.8.2] AndroidManifest.xml:11:5-20
MERGED from [com.facebook.soloader:annotation:0.8.2] AndroidManifest.xml:11:5-20
	android:appComponentFactory
		ADDED from [androidx.core:core:1.1.0] AndroidManifest.xml:24:18-86
	android:label
		ADDED from src/main/AndroidManifest.xml:37:7-39
	android:roundIcon
		ADDED from src/main/AndroidManifest.xml:39:7-52
	android:icon
		ADDED from src/main/AndroidManifest.xml:38:7-41
	android:allowBackup
		ADDED from src/main/AndroidManifest.xml:40:7-34
	android:theme
		ADDED from src/main/AndroidManifest.xml:41:7-38
	android:name
		ADDED from src/main/AndroidManifest.xml:36:7-38
activity#com.amzrevs.MainActivity
ADDED from src/main/AndroidManifest.xml:42:7-51:18
	android:label
		ADDED from src/main/AndroidManifest.xml:44:9-41
	android:windowSoftInputMode
		ADDED from src/main/AndroidManifest.xml:46:9-51
	android:configChanges
		ADDED from src/main/AndroidManifest.xml:45:9-79
	android:name
		ADDED from src/main/AndroidManifest.xml:43:9-37
intent-filter#action:name:android.intent.action.MAIN+category:name:android.intent.category.LAUNCHER
ADDED from src/main/AndroidManifest.xml:47:9-50:25
action#android.intent.action.MAIN
ADDED from src/main/AndroidManifest.xml:48:13-65
	android:name
		ADDED from src/main/AndroidManifest.xml:48:21-62
category#android.intent.category.LAUNCHER
ADDED from src/main/AndroidManifest.xml:49:13-73
	android:name
		ADDED from src/main/AndroidManifest.xml:49:23-70
activity#com.facebook.react.devsupport.DevSettingsActivity
ADDED from src/main/AndroidManifest.xml:52:7-84
	android:name
		ADDED from src/main/AndroidManifest.xml:52:17-81
meta-data#com.dieam.reactnativepushnotification.notification_channel_name
ADDED from src/main/AndroidManifest.xml:55:7-56:67
	android:value
		ADDED from src/main/AndroidManifest.xml:56:19-65
	android:name
		ADDED from src/main/AndroidManifest.xml:55:19-97
meta-data#com.dieam.reactnativepushnotification.notification_channel_description
ADDED from src/main/AndroidManifest.xml:57:3-58:70
	android:value
		ADDED from src/main/AndroidManifest.xml:58:15-68
	android:name
		ADDED from src/main/AndroidManifest.xml:57:15-100
meta-data#com.dieam.reactnativepushnotification.notification_color
ADDED from src/main/AndroidManifest.xml:59:3-60:56
	android:resource
		ADDED from src/main/AndroidManifest.xml:60:15-54
	android:name
		ADDED from src/main/AndroidManifest.xml:59:15-86
receiver#com.google.android.gms.gcm.GcmReceiver
ADDED from src/main/AndroidManifest.xml:63:9-71:20
	android:exported
		ADDED from src/main/AndroidManifest.xml:65:13-36
	android:permission
		ADDED from src/main/AndroidManifest.xml:66:13-73
	android:name
		ADDED from src/main/AndroidManifest.xml:64:13-66
intent-filter#action:name:com.google.android.c2dm.intent.RECEIVE+category:name:com.amzrevs
ADDED from src/main/AndroidManifest.xml:67:13-70:29
action#com.google.android.c2dm.intent.RECEIVE
ADDED from src/main/AndroidManifest.xml:68:17-81
	android:name
		ADDED from src/main/AndroidManifest.xml:68:25-78
category#com.amzrevs
ADDED from src/main/AndroidManifest.xml:69:17-56
	android:name
		ADDED from src/main/AndroidManifest.xml:69:27-53
receiver#com.dieam.reactnativepushnotification.modules.RNPushNotificationPublisher
ADDED from src/main/AndroidManifest.xml:74:9-110
	android:name
		ADDED from src/main/AndroidManifest.xml:74:19-107
receiver#com.dieam.reactnativepushnotification.modules.RNPushNotificationBootEventReceiver
ADDED from src/main/AndroidManifest.xml:75:9-79:20
	android:name
		ADDED from src/main/AndroidManifest.xml:75:19-115
intent-filter#action:name:android.intent.action.BOOT_COMPLETED
ADDED from src/main/AndroidManifest.xml:76:13-78:29
action#android.intent.action.BOOT_COMPLETED
ADDED from src/main/AndroidManifest.xml:77:17-79
	android:name
		ADDED from src/main/AndroidManifest.xml:77:25-76
service#com.dieam.reactnativepushnotification.modules.RNPushNotificationRegistrationService
ADDED from src/main/AndroidManifest.xml:80:9-118
	android:name
		ADDED from src/main/AndroidManifest.xml:80:18-116
service#com.dieam.reactnativepushnotification.modules.RNPushNotificationListenerServiceGcm